#0 building with "default" instance using docker driver

#1 [internal] load build definition from Dockerfile
#1 transferring dockerfile: 316B done
#1 DONE 0.0s

#2 [internal] load metadata for docker.io/library/python:3.11-slim
#2 DONE 0.2s

#3 [internal] load .dockerignore
#3 transferring context: 2B done
#3 DONE 0.0s

#4 [1/7] FROM docker.io/library/python:3.11-slim@sha256:a0939570b38cddeb861b8e75d20b1c8218b21562b18f301171904b544e8cf228
#4 DONE 0.0s

#5 [internal] load build context
#5 transferring context: 342B done
#5 DONE 0.0s

#6 [5/7] COPY static /app/static
#6 CACHED

#7 [2/7] WORKDIR /app
#7 CACHED

#8 [3/7] COPY app.py /app/
#8 CACHED

#9 [4/7] COPY templates /app/templates
#9 CACHED

#10 [6/7] COPY storage /app/storage
#10 CACHED

#11 [7/7] RUN pip install flask
#11 CACHED

#12 exporting to image
#12 exporting layers done
#12 writing image sha256:6ede7056fda57ab314c26276e8b9e8acb784246fffb3c30210f7777deea7c2c8 done
#12 naming to docker.io/ctf/armazenamento-exposto:latest done
#12 DONE 0.0s
[OK] ctf/armazenamento-exposto:latest
