#0 building with "default" instance using docker driver

#1 [internal] load build definition from Dockerfile
#1 transferring dockerfile: 349B done
#1 DONE 0.0s

#2 [internal] load metadata for docker.io/library/openjdk:17-jdk-slim
#2 DONE 0.9s

#3 [internal] load .dockerignore
#3 transferring context: 2B done
#3 DONE 0.0s

#4 [1/5] FROM docker.io/library/openjdk:17-jdk-slim@sha256:aaa3b3cb27e3e520b8f116863d0580c438ed55ecfa0bc126b41f68c3f62f9774
#4 DONE 0.0s

#5 [internal] load build context
#5 transferring context: 327B done
#5 DONE 0.0s

#6 [3/5] COPY public /app/public
#6 CACHED

#7 [2/5] WORKDIR /app
#7 CACHED

#8 [4/5] COPY src /app/src
#8 CACHED

#9 [5/5] RUN mkdir -p /app/out  && javac -d /app/out /app/src/com/itau/ctf/*.java
#9 CACHED

#10 exporting to image
#10 exporting layers done
#10 writing image sha256:8b67a25d32f0ef5cc1adece0a21b474ae636d2f60b014d827b309712df4dcb2b done
#10 naming to docker.io/ctf/job-java-inseguro:latest done
#10 DONE 0.0s
[OK] ctf/job-java-inseguro:latest
