#0 building with "default" instance using docker driver

#1 [internal] load build definition from Dockerfile
#1 transferring dockerfile: 292B done
#1 DONE 0.0s

#2 [internal] load metadata for docker.io/library/python:3.11-slim
#2 DONE 0.2s

#3 [internal] load .dockerignore
#3 transferring context: 2B done
#3 DONE 0.0s

#4 [1/6] FROM docker.io/library/python:3.11-slim@sha256:a0939570b38cddeb861b8e75d20b1c8218b21562b18f301171904b544e8cf228
#4 DONE 0.0s

#5 [internal] load build context
#5 transferring context: 159B done
#5 DONE 0.0s

#6 [3/6] COPY app.py /app/
#6 CACHED

#7 [5/6] COPY static /app/static
#7 CACHED

#8 [2/6] WORKDIR /app
#8 CACHED

#9 [4/6] COPY templates /app/templates
#9 CACHED

#10 [6/6] RUN pip install flask
#10 CACHED

#11 exporting to image
#11 exporting layers done
#11 writing image sha256:f7f6b991f9f709cd215142b7e84a6584f85e68546b6ed297c84ce25b1c30c187 done
#11 naming to docker.io/ctf/saldo-negativo-corrida:latest done
#11 DONE 0.0s
[OK] ctf/saldo-negativo-corrida:latest
