#0 building with "default" instance using docker driver

#1 [internal] load build definition from Dockerfile
#1 transferring dockerfile: 425B done
#1 DONE 0.0s

#2 [internal] load metadata for docker.io/library/python:3.11-slim
#2 DONE 0.2s

#3 [internal] load .dockerignore
#3 transferring context: 2B done
#3 DONE 0.0s

#4 [1/7] FROM docker.io/library/python:3.11-slim@sha256:a0939570b38cddeb861b8e75d20b1c8218b21562b18f301171904b544e8cf228
#4 DONE 0.0s

#5 [internal] load build context
#5 transferring context: 159B done
#5 DONE 0.0s

#6 [5/7] COPY templates /app/templates
#6 CACHED

#7 [3/7] RUN apt-get update && apt-get install -y --no-install-recommends libxml2-dev libxslt1-dev gcc && rm -rf /var/lib/apt/lists/*
#7 CACHED

#8 [2/7] WORKDIR /app
#8 CACHED

#9 [6/7] COPY static /app/static
#9 CACHED

#10 [4/7] COPY app.py /app/
#10 CACHED

#11 [7/7] RUN pip install flask lxml
#11 CACHED

#12 exporting to image
#12 exporting layers done
#12 writing image sha256:3ab0ec3d861495456a48ef8f7dd003cc9a76543ce2c3981cef18a05d86485e97 done
#12 naming to docker.io/ctf/xml-explosivo:latest done
#12 DONE 0.0s
[OK] ctf/xml-explosivo:latest
